2024-05-13 15:46:01 [2340-3336] :: Info :: 
2024-05-13 15:46:01 [2340-3336] :: Info :: ::::::::::::::::::::::::::::::::::::::::::::::::::::::::::::::::::::::::::::::::
2024-05-13 15:46:01 [2340-3336] :: Info :: DF Installer version: 8.63.520.5636
2024-05-13 15:46:01 [2340-3336] :: Info :: Check for supported platforms.
2024-05-13 15:46:01 [2340-3336] :: Info :: 1.0 - Start Pre-installation checks.
2024-05-13 15:46:01 [2340-3336] :: Info :: 1.2 - Detected Windows Desktop (Non-server Edition)
2024-05-13 15:46:01 [2340-3336] :: Info :: 1.11 - Pre-installation tests completed SUCCESSFULLY.
2024-05-13 15:46:01 [2340-3336] :: Info :: 2.0 - Read Configuration and Setup Flags.
2024-05-13 15:46:01 [2340-3336] :: Info :: 2.5 - Read Configuration and Setup Flags completed SUCCESSFULLY.
2024-05-13 15:46:01 [2340-3336] :: Info :: 3.0 - Check for upgradability.
2024-05-13 15:46:01 [2340-3336] :: Info :: Clean Installation for the first time.
2024-05-13 15:46:01 [2340-3336] :: Info :: Clean Installation for the first time.
2024-05-13 15:46:01 [2340-3336] :: Info :: 4.0 - Detected Windows 10 version or higher. Check for Windows Updates that are pending configuration.
2024-05-13 15:46:01 [2340-3336] :: Info :: Windows Updates Query Package Information - Version = 8.63.220.5636
2024-05-13 15:46:02 :: Windows Updates Command Line - Version = 8.63.220.5636
2024-05-13 15:46:14 :: Package Count = 59
2024-05-13 15:46:21 :: [48] NAME=Package_for_KB5015684~31bf3856ad364e35~amd64~~19041.1799.1.2 :: TYPE=Update :: DESCRIPTION=Fix for KB5015684 :: INSTALL-TIME(UTC)=03:00:27 Thursday, September 08, 2022 :: STATE=Installed :: RESTART=Required (Override Restart Required - More than 6 hrs have elapsed)
2024-05-13 15:46:23 [2340-3336] :: Info :: NO updates are IN-PROGRESS and PENDING configuration. NO Reboot is REQUIRED or PENDING - Proceed with DeepFreeze installation.
2024-05-13 15:46:24 [2340-3336] :: Info :: 5.0 - Preprocess Thawspace volume drives.
2024-05-13 15:46:24 [2340-3336] :: Info :: 5.9 - Preprocess Thawspace Volume Drives completed SUCCESSFULLY.
2024-05-13 15:46:26 [2340-3336] :: Info :: Check for minimum available disk space
2024-05-13 15:46:26 [2340-3336] :: Info :: Start DeepFreeze Installation
2024-05-13 15:46:26 [2340-3336] :: Info :: Handle License Validation
2024-05-13 15:46:26 [2340-3336] :: Info :: Handle Existing ThawSpaces
2024-05-13 15:46:28 [2340-3336] :: Info :: Starting DeepFreeze Installation-1
2024-05-13 15:46:28 [2340-3336] :: Info :: Setup DeepFreeze Install folder
2024-05-13 15:46:28 [2340-3336] :: Info :: Copy DeepFreeze files
2024-05-13 15:46:28 [2340-3336] :: Info :: Copy File From=DFC.exe To=C:\Windows\system32\
2024-05-13 15:46:28 [2340-3336] :: Info :: Copy File From=FrzState2k.exe To=C:\Program Files (x86)\Faronics\Deep Freeze\Install C-0\\_$Df\
2024-05-13 15:46:29 [2340-3336] :: Info :: Copy File From=DeepFreezeAdapter.dll To=C:\Program Files (x86)\Faronics\Deep Freeze\Install C-0\
2024-05-13 15:46:29 [2340-3336] :: Info :: Copy File From=WUCommandLine.exe To=C:\Program Files (x86)\Faronics\Deep Freeze\Install C-0\
2024-05-13 15:46:29 [2340-3336] :: Info :: Copy File From=DFServ.exe To=C:\Program Files (x86)\Faronics\Deep Freeze\Install C-0\
2024-05-13 15:46:29 [2340-3336] :: Info :: Copy MOF files
2024-05-13 15:46:29 [2340-3336] :: Info :: Copy File From=FaronicsWebProduct.mof To=C:\Program Files (x86)\Faronics\Deep Freeze\Install C-0\
2024-05-13 15:46:29 [2340-3336] :: Info :: Copy File From=FaronicsWebProduct_v1.mof To=C:\Program Files (x86)\Faronics\Deep Freeze\Install C-0\
2024-05-13 15:46:29 [2340-3336] :: Info :: Copy File From=DeepFreezeWorkstation.mof To=C:\Program Files (x86)\Faronics\Deep Freeze\Install C-0\
2024-05-13 15:46:29 [2340-3336] :: Info :: MOF Compiler File = C:\Program Files (x86)\Faronics\Deep Freeze\Install C-0\1.bat
2024-05-13 15:46:29 [2340-3336] :: Info :: Copy MOF files
2024-05-13 15:46:29 [2340-3336] :: Info :: Copy File From=FaronicsWebProduct.mof To=C:\Program Files (x86)\Faronics\Deep Freeze\Install C-0\
2024-05-13 15:46:29 [2340-3336] :: Info :: Copy File From=FaronicsWebProduct_v1.mof To=C:\Program Files (x86)\Faronics\Deep Freeze\Install C-0\
2024-05-13 15:46:29 [2340-3336] :: Info :: Copy File From=DeepFreezeWorkstation.mof To=C:\Program Files (x86)\Faronics\Deep Freeze\Install C-0\
2024-05-13 15:46:29 [2340-3336] :: Info :: MOF Compiler File = C:\Program Files (x86)\Faronics\Deep Freeze\Install C-0\1.bat
2024-05-13 15:46:29 [2340-3336] :: Info :: Install MOF files
2024-05-13 15:46:29 [2340-3336] :: Info :: Install Adapter
2024-05-13 15:46:30 [2340-3336] :: Info :: Install DeepFreeze Service
2024-05-13 15:46:31 [2340-3336] :: Info :: Detected Workstation Install
2024-05-13 15:46:31 [2340-3336] :: Info :: Copy File From=DeepFrz.sys To=C:\Windows\system32\drivers\
2024-05-13 15:46:31 [2340-3336] :: Info :: Install Driver (DeepFrz.sys)
2024-05-13 15:46:31 [2340-3336] :: Info :: Install Volume Filters
2024-05-13 15:46:31 [2340-3336] :: Info :: Install Disk Filters
2024-05-13 15:46:31 [2340-3336] :: Info :: Install Mouse Filter
2024-05-13 15:46:31 [2340-3336] :: Info :: Install Keyboard Filter
2024-05-13 15:46:31 [2340-3336] :: Info :: Install/Upgrade FarDisk Driver
2024-05-13 15:46:31 [2340-3336] :: Info :: Copy File From=DfDiskLo.sys To=C:\Windows\system32\drivers\
2024-05-13 15:46:31 [2340-3336] :: Info :: Install Driver (DFDiskLo.sys)
2024-05-13 15:46:31 [2340-3336] :: Info :: Install Disk Lower Filter
2024-05-13 15:46:31 [2340-3336] :: Info :: Copy File From=DFFilter.sys To=C:\Windows\system32\drivers\
2024-05-13 15:46:31 [2340-3336] :: Info :: Install Driver (DFFilter.sys)
2024-05-13 15:46:31 [2340-3336] :: Info :: NTFS File System supported
2024-05-13 15:46:51 [2340-3336] :: Info :: Handle BootStat
2024-05-13 15:46:51 [2340-3336] :: Error :: DInstall2000::RenameBootStat() - 1. MoveFileEx() call FAILED with an Error = 0x00000020 - O arquivo já está sendo usado por outro processo. 
2024-05-13 15:46:51 [2340-3336] :: Info :: Handle Crash Control
2024-05-13 15:46:51 [2340-3336] :: Info :: Handle Logon
2024-05-13 15:46:51 [2340-3336] :: Info :: Handle Check Disk
2024-05-13 15:46:51 [2340-3336] :: Info :: Handle Miscellaneous Registry
2024-05-13 15:46:51 [2340-3336] :: Info :: Copy MOF files
2024-05-13 15:46:51 [2340-3336] :: Info :: Copy File From=FaronicsWebProduct.mof To=C:\Program Files (x86)\Faronics\Deep Freeze\Install C-0\
2024-05-13 15:46:51 [2340-3336] :: Info :: Copy File From=FaronicsWebProduct_v1.mof To=C:\Program Files (x86)\Faronics\Deep Freeze\Install C-0\
2024-05-13 15:46:51 [2340-3336] :: Info :: Copy File From=DeepFreezeWorkstation.mof To=C:\Program Files (x86)\Faronics\Deep Freeze\Install C-0\
2024-05-13 15:46:51 [2340-3336] :: Info :: MOF Compiler File = C:\Program Files (x86)\Faronics\Deep Freeze\Install C-0\1.bat
2024-05-13 15:46:51 [2340-3336] :: Info :: Install ThawSpaces
2024-05-13 15:46:51 [2340-3336] :: Info :: Determining if existing ThawSpaces need to be retained
2024-05-13 15:46:51 [2340-3336] :: Info :: Installing ThawSpace components
2024-05-13 15:46:59 [2340-3336] :: Info :: Completed DeepFreeze Installation
2024-05-13 15:47:04 [2340-3336] :: Info :: KcExitWindows::KcExitWindows(1.0) - ENTER
2024-05-13 15:47:04 [2340-3336] :: Info :: KcExitWindows::KcExitWindows(1.1) - Modify Process Privileges
2024-05-13 15:47:04 [2340-3336] :: Info :: KcExitWindows::KcExitWindows(1.2) - Launch Restart/Shutdown Thread
2024-05-13 15:47:04 [2340-9064] :: Info :: ENTER - Flags = 0x00000001 (0=S 1=R 2=PO 3=LO)
2024-05-13 15:47:05 [2340-9064] :: Info :: 1.0 - REBOOT
2024-05-13 15:47:05 [2340-9064] :: Info :: 1.3 - InitiateShutdownW() completed SUCCESSFULLY
2024-05-13 15:47:05 [2340-9064] :: Info :: 1.4 - 60 sec delay
